<?xml version="1.0" encoding="UTF-8"?>
<!-- Generated by org.testng.reporters.JUnitReportReporter -->
<testsuite skipped="0" hostname="DESKTOP-7U0L1HJ" name="com.Testcases.ELTC_015" tests="1" failures="0" timestamp="25 Jan 2019 04:57:46 GMT" time="26.356" errors="0">
  <testcase name="validLogoutTest" time="26.356" classname="com.Testcases.ELTC_015"/>
</testsuite> <!-- com.Testcases.ELTC_015 -->
