<?xml version="1.0" encoding="UTF-8"?>
<!-- Generated by org.testng.reporters.JUnitReportReporter -->
<testsuite skipped="0" hostname="DESKTOP-7U0L1HJ" name="com.Testcases.ELTC_015" tests="1" failures="0" timestamp="06 Feb 2019 14:38:24 GMT" time="22.860" errors="0">
  <testcase name="validLogoutTest" time="22.860" classname="com.Testcases.ELTC_015"/>
</testsuite> <!-- com.Testcases.ELTC_015 -->
