<?xml version="1.0" encoding="UTF-8"?>
<!-- Generated by org.testng.reporters.JUnitReportReporter -->
<testsuite skipped="1" hostname="DESKTOP-7U0L1HJ" name="com.Testcases.ELTC_043_Assignments" tests="4" failures="0" timestamp="08 Feb 2019 04:56:11 GMT" time="29.091" errors="0">
  <testcase name="setUp" time="9.922" classname="com.Testcases.ELTC_043_Assignments"/>
  <testcase name="coursecatalog" time="6.269" classname="com.Testcases.ELTC_043_Assignments"/>
  <testcase name="assignmentdetails" time="12.900" classname="com.Testcases.ELTC_043_Assignments"/>
  <testcase name="subscribecrc" classname="com.Testcases.ELTC_043_Assignments">
    <skipped/>
  </testcase> <!-- subscribecrc -->
</testsuite> <!-- com.Testcases.ELTC_043_Assignments -->
