<?xml version="1.0" encoding="UTF-8"?>
<!-- Generated by org.testng.reporters.JUnitReportReporter -->
<testsuite skipped="1" hostname="DESKTOP-7U0L1HJ" name="com.Testcases.ELTC_041_StudentAttemptTest" tests="5" failures="0" timestamp="06 Feb 2019 07:31:13 GMT" time="39.520" errors="0">
  <testcase name="setUp" time="11.186" classname="com.Testcases.ELTC_041_StudentAttemptTest"/>
  <testcase name="coursecatalog" time="7.045" classname="com.Testcases.ELTC_041_StudentAttemptTest"/>
  <testcase name="testdetails" time="6.476" classname="com.Testcases.ELTC_041_StudentAttemptTest"/>
  <testcase name="starttest" time="14.813" classname="com.Testcases.ELTC_041_StudentAttemptTest"/>
  <testcase name="subscribecrc" classname="com.Testcases.ELTC_041_StudentAttemptTest">
    <skipped/>
  </testcase> <!-- subscribecrc -->
</testsuite> <!-- com.Testcases.ELTC_041_StudentAttemptTest -->
