<?xml version="1.0" encoding="UTF-8"?>
<!-- Generated by org.testng.reporters.JUnitReportReporter -->
<testsuite skipped="1" hostname="DESKTOP-7U0L1HJ" name="com.Testcases.ELTC_041_StudentAttemptTest" tests="5" failures="0" timestamp="08 Feb 2019 04:48:11 GMT" time="37.140" errors="0">
  <testcase name="setUp" time="12.671" classname="com.Testcases.ELTC_041_StudentAttemptTest"/>
  <testcase name="coursecatalog" time="5.675" classname="com.Testcases.ELTC_041_StudentAttemptTest"/>
  <testcase name="testdetails" time="6.227" classname="com.Testcases.ELTC_041_StudentAttemptTest"/>
  <testcase name="starttest" time="12.567" classname="com.Testcases.ELTC_041_StudentAttemptTest"/>
  <testcase name="subscribecrc" classname="com.Testcases.ELTC_041_StudentAttemptTest">
    <skipped/>
  </testcase> <!-- subscribecrc -->
</testsuite> <!-- com.Testcases.ELTC_041_StudentAttemptTest -->
