<?xml version="1.0" encoding="UTF-8"?>
<!-- Generated by org.testng.reporters.JUnitReportReporter -->
<testsuite skipped="1" hostname="DESKTOP-7U0L1HJ" name="com.Testcases.ELTC_044_StudentToDiscussintheForum" tests="4" failures="0" timestamp="06 Feb 2019 07:10:52 GMT" time="54.358" errors="0">
  <testcase name="setUp" time="11.964" classname="com.Testcases.ELTC_044_StudentToDiscussintheForum"/>
  <testcase name="coursecatalog" time="9.553" classname="com.Testcases.ELTC_044_StudentToDiscussintheForum"/>
  <testcase name="testdetails" time="32.841" classname="com.Testcases.ELTC_044_StudentToDiscussintheForum"/>
  <testcase name="subscribecrc" classname="com.Testcases.ELTC_044_StudentToDiscussintheForum">
    <skipped/>
  </testcase> <!-- subscribecrc -->
</testsuite> <!-- com.Testcases.ELTC_044_StudentToDiscussintheForum -->
