<?xml version="1.0" encoding="UTF-8"?>
<!-- Generated by org.testng.reporters.JUnitReportReporter -->
<testsuite skipped="0" hostname="DESKTOP-7U0L1HJ" name="com.Testcases.ELTC_012" tests="1" failures="0" timestamp="22 Jan 2019 06:49:50 GMT" time="13.695" errors="0">
  <testcase name="validLoginTest" time="13.695" classname="com.Testcases.ELTC_012"/>
</testsuite> <!-- com.Testcases.ELTC_012 -->
