<?xml version="1.0" encoding="UTF-8"?>
<!-- Generated by org.testng.reporters.JUnitReportReporter -->
<testsuite skipped="1" hostname="DESKTOP-7U0L1HJ" name="com.Testcases.ELTC_042_TakeAssessment" tests="5" failures="0" timestamp="06 Feb 2019 09:52:22 GMT" time="47.374" errors="0">
  <testcase name="setUp" time="11.376" classname="com.Testcases.ELTC_042_TakeAssessment"/>
  <testcase name="coursecatalog" time="10.364" classname="com.Testcases.ELTC_042_TakeAssessment"/>
  <testcase name="testdetails" time="9.922" classname="com.Testcases.ELTC_042_TakeAssessment"/>
  <testcase name="starttest" time="15.712" classname="com.Testcases.ELTC_042_TakeAssessment"/>
  <testcase name="subscribecrc" classname="com.Testcases.ELTC_042_TakeAssessment">
    <skipped/>
  </testcase> <!-- subscribecrc -->
</testsuite> <!-- com.Testcases.ELTC_042_TakeAssessment -->
