<?xml version="1.0" encoding="UTF-8"?>
<!-- Generated by org.testng.reporters.JUnitReportReporter -->
<testsuite skipped="1" hostname="DESKTOP-7U0L1HJ" name="com.Testcases.ELTC_043_Assignments" tests="4" failures="0" timestamp="05 Feb 2019 03:58:14 GMT" time="37.003" errors="0">
  <testcase name="setUp" time="12.384" classname="com.Testcases.ELTC_043_Assignments"/>
  <testcase name="coursecatalog" time="8.095" classname="com.Testcases.ELTC_043_Assignments"/>
  <testcase name="assignmentdetails" time="16.524" classname="com.Testcases.ELTC_043_Assignments"/>
  <testcase name="subscribecrc" classname="com.Testcases.ELTC_043_Assignments">
    <skipped/>
  </testcase> <!-- subscribecrc -->
</testsuite> <!-- com.Testcases.ELTC_043_Assignments -->
