<?xml version="1.0" encoding="UTF-8"?>
<!-- Generated by org.testng.reporters.JUnitReportReporter -->
<testsuite skipped="0" hostname="DESKTOP-7U0L1HJ" name="com.training.regression.tests.LoginExcelTest" tests="2" failures="0" timestamp="06 Feb 2019 11:52:56 GMT" time="32.753" errors="0">
  <testcase name="loginDBTest" time="15.206" classname="com.training.regression.tests.LoginExcelTest"/>
  <testcase name="loginDBTest" time="17.547" classname="com.training.regression.tests.LoginExcelTest"/>
</testsuite> <!-- com.training.regression.tests.LoginExcelTest -->
