<?xml version="1.0" encoding="UTF-8"?>
<!-- Generated by org.testng.reporters.JUnitReportReporter -->
<testsuite skipped="0" hostname="DESKTOP-7U0L1HJ" name="com.Testcases.ELTC_014" tests="1" failures="0" timestamp="24 Jan 2019 16:20:48 GMT" time="304.301" errors="0">
  <testcase name="subscribedcrcTest" time="304.301" classname="com.Testcases.ELTC_014"/>
</testsuite> <!-- com.Testcases.ELTC_014 -->
